C:\USERS\ELLIOT\DESKTOP\REDO_HALO_VIEW_2_WORK\REDO_HALO_VIEW\REDO_HALO_VIEW\DEBUG\CUBE.OBJ
C:\USERS\ELLIOT\DESKTOP\REDO_HALO_VIEW_2_WORK\REDO_HALO_VIEW\REDO_HALO_VIEW\DEBUG\DISTANCE.OBJ
C:\USERS\ELLIOT\DESKTOP\REDO_HALO_VIEW_2_WORK\REDO_HALO_VIEW\REDO_HALO_VIEW\DEBUG\MAIN.OBJ
C:\USERS\ELLIOT\DESKTOP\REDO_HALO_VIEW_2_WORK\REDO_HALO_VIEW\REDO_HALO_VIEW\DEBUG\SPHERE.OBJ
C:\USERS\ELLIOT\DESKTOP\REDO_HALO_VIEW_2_WORK\REDO_HALO_VIEW\REDO_HALO_VIEW\DEBUG\TRACKBALL.OBJ
C:\USERS\ELLIOT\DESKTOP\REDO_HALO_VIEW_2_WORK\REDO_HALO_VIEW\REDO_HALO_VIEW\DEBUG\VC110.PDB
C:\USERS\ELLIOT\DESKTOP\REDO_HALO_VIEW_2_WORK\REDO_HALO_VIEW\DEBUG\REDO_HALO_VIEW.ILK
C:\USERS\ELLIOT\DESKTOP\REDO_HALO_VIEW_2_WORK\REDO_HALO_VIEW\DEBUG\REDO_HALO_VIEW.EXE
C:\USERS\ELLIOT\DESKTOP\REDO_HALO_VIEW_2_WORK\REDO_HALO_VIEW\DEBUG\REDO_HALO_VIEW.PDB
C:\Users\Elliot\Desktop\Redo_Halo_View_2_WORK\Redo_Halo_View\Redo_Halo_View\Debug\Cube.obj
C:\Users\Elliot\Desktop\Redo_Halo_View_2_WORK\Redo_Halo_View\Redo_Halo_View\Debug\distance.obj
C:\Users\Elliot\Desktop\Redo_Halo_View_2_WORK\Redo_Halo_View\Redo_Halo_View\Debug\main.obj
C:\Users\Elliot\Desktop\Redo_Halo_View_2_WORK\Redo_Halo_View\Redo_Halo_View\Debug\sphere.obj
C:\Users\Elliot\Desktop\Redo_Halo_View_2_WORK\Redo_Halo_View\Redo_Halo_View\Debug\trackball.obj
C:\Users\Elliot\Desktop\Redo_Halo_View_2_WORK\Redo_Halo_View\Redo_Halo_View\Debug\cl.command.1.tlog
C:\Users\Elliot\Desktop\Redo_Halo_View_2_WORK\Redo_Halo_View\Redo_Halo_View\Debug\CL.read.1.tlog
C:\Users\Elliot\Desktop\Redo_Halo_View_2_WORK\Redo_Halo_View\Redo_Halo_View\Debug\CL.write.1.tlog
C:\Users\Elliot\Desktop\Redo_Halo_View_2_WORK\Redo_Halo_View\Redo_Halo_View\Debug\link-cvtres.read.1.tlog
C:\Users\Elliot\Desktop\Redo_Halo_View_2_WORK\Redo_Halo_View\Redo_Halo_View\Debug\link-cvtres.write.1.tlog
C:\Users\Elliot\Desktop\Redo_Halo_View_2_WORK\Redo_Halo_View\Redo_Halo_View\Debug\link-rc.read.1.tlog
C:\Users\Elliot\Desktop\Redo_Halo_View_2_WORK\Redo_Halo_View\Redo_Halo_View\Debug\link-rc.write.1.tlog
C:\Users\Elliot\Desktop\Redo_Halo_View_2_WORK\Redo_Halo_View\Redo_Halo_View\Debug\link.1256-cvtres.read.1.tlog
C:\Users\Elliot\Desktop\Redo_Halo_View_2_WORK\Redo_Halo_View\Redo_Halo_View\Debug\link.1256-cvtres.write.1.tlog
C:\Users\Elliot\Desktop\Redo_Halo_View_2_WORK\Redo_Halo_View\Redo_Halo_View\Debug\link.1256-rc.read.1.tlog
C:\Users\Elliot\Desktop\Redo_Halo_View_2_WORK\Redo_Halo_View\Redo_Halo_View\Debug\link.1256-rc.write.1.tlog
C:\Users\Elliot\Desktop\Redo_Halo_View_2_WORK\Redo_Halo_View\Redo_Halo_View\Debug\link.1256.read.1.tlog
C:\Users\Elliot\Desktop\Redo_Halo_View_2_WORK\Redo_Halo_View\Redo_Halo_View\Debug\link.1256.write.1.tlog
C:\Users\Elliot\Desktop\Redo_Halo_View_2_WORK\Redo_Halo_View\Redo_Halo_View\Debug\link.2220-cvtres.read.1.tlog
C:\Users\Elliot\Desktop\Redo_Halo_View_2_WORK\Redo_Halo_View\Redo_Halo_View\Debug\link.2220-cvtres.write.1.tlog
C:\Users\Elliot\Desktop\Redo_Halo_View_2_WORK\Redo_Halo_View\Redo_Halo_View\Debug\link.2220-rc.read.1.tlog
C:\Users\Elliot\Desktop\Redo_Halo_View_2_WORK\Redo_Halo_View\Redo_Halo_View\Debug\link.2220-rc.write.1.tlog
C:\Users\Elliot\Desktop\Redo_Halo_View_2_WORK\Redo_Halo_View\Redo_Halo_View\Debug\link.2220.read.1.tlog
C:\Users\Elliot\Desktop\Redo_Halo_View_2_WORK\Redo_Halo_View\Redo_Halo_View\Debug\link.2220.write.1.tlog
C:\Users\Elliot\Desktop\Redo_Halo_View_2_WORK\Redo_Halo_View\Redo_Halo_View\Debug\link.5432-cvtres.read.1.tlog
C:\Users\Elliot\Desktop\Redo_Halo_View_2_WORK\Redo_Halo_View\Redo_Halo_View\Debug\link.5432-cvtres.write.1.tlog
C:\Users\Elliot\Desktop\Redo_Halo_View_2_WORK\Redo_Halo_View\Redo_Halo_View\Debug\link.5432-rc.read.1.tlog
C:\Users\Elliot\Desktop\Redo_Halo_View_2_WORK\Redo_Halo_View\Redo_Halo_View\Debug\link.5432-rc.write.1.tlog
C:\Users\Elliot\Desktop\Redo_Halo_View_2_WORK\Redo_Halo_View\Redo_Halo_View\Debug\link.5432.read.1.tlog
C:\Users\Elliot\Desktop\Redo_Halo_View_2_WORK\Redo_Halo_View\Redo_Halo_View\Debug\link.5432.write.1.tlog
C:\Users\Elliot\Desktop\Redo_Halo_View_2_WORK\Redo_Halo_View\Redo_Halo_View\Debug\link.5944-cvtres.read.1.tlog
C:\Users\Elliot\Desktop\Redo_Halo_View_2_WORK\Redo_Halo_View\Redo_Halo_View\Debug\link.5944-cvtres.write.1.tlog
C:\Users\Elliot\Desktop\Redo_Halo_View_2_WORK\Redo_Halo_View\Redo_Halo_View\Debug\link.5944-rc.read.1.tlog
C:\Users\Elliot\Desktop\Redo_Halo_View_2_WORK\Redo_Halo_View\Redo_Halo_View\Debug\link.5944-rc.write.1.tlog
C:\Users\Elliot\Desktop\Redo_Halo_View_2_WORK\Redo_Halo_View\Redo_Halo_View\Debug\link.5944.read.1.tlog
C:\Users\Elliot\Desktop\Redo_Halo_View_2_WORK\Redo_Halo_View\Redo_Halo_View\Debug\link.5944.write.1.tlog
C:\Users\Elliot\Desktop\Redo_Halo_View_2_WORK\Redo_Halo_View\Redo_Halo_View\Debug\link.6760-cvtres.read.1.tlog
C:\Users\Elliot\Desktop\Redo_Halo_View_2_WORK\Redo_Halo_View\Redo_Halo_View\Debug\link.6760-cvtres.write.1.tlog
C:\Users\Elliot\Desktop\Redo_Halo_View_2_WORK\Redo_Halo_View\Redo_Halo_View\Debug\link.6760-rc.read.1.tlog
C:\Users\Elliot\Desktop\Redo_Halo_View_2_WORK\Redo_Halo_View\Redo_Halo_View\Debug\link.6760-rc.write.1.tlog
C:\Users\Elliot\Desktop\Redo_Halo_View_2_WORK\Redo_Halo_View\Redo_Halo_View\Debug\link.6760.read.1.tlog
C:\Users\Elliot\Desktop\Redo_Halo_View_2_WORK\Redo_Halo_View\Redo_Halo_View\Debug\link.6760.write.1.tlog
C:\Users\Elliot\Desktop\Redo_Halo_View_2_WORK\Redo_Halo_View\Redo_Halo_View\Debug\link.7104-cvtres.read.1.tlog
C:\Users\Elliot\Desktop\Redo_Halo_View_2_WORK\Redo_Halo_View\Redo_Halo_View\Debug\link.7104-cvtres.write.1.tlog
C:\Users\Elliot\Desktop\Redo_Halo_View_2_WORK\Redo_Halo_View\Redo_Halo_View\Debug\link.7104-rc.read.1.tlog
C:\Users\Elliot\Desktop\Redo_Halo_View_2_WORK\Redo_Halo_View\Redo_Halo_View\Debug\link.7104-rc.write.1.tlog
C:\Users\Elliot\Desktop\Redo_Halo_View_2_WORK\Redo_Halo_View\Redo_Halo_View\Debug\link.7104.read.1.tlog
C:\Users\Elliot\Desktop\Redo_Halo_View_2_WORK\Redo_Halo_View\Redo_Halo_View\Debug\link.7104.write.1.tlog
C:\Users\Elliot\Desktop\Redo_Halo_View_2_WORK\Redo_Halo_View\Redo_Halo_View\Debug\link.command.1.tlog
C:\Users\Elliot\Desktop\Redo_Halo_View_2_WORK\Redo_Halo_View\Redo_Halo_View\Debug\link.read.1.tlog
C:\Users\Elliot\Desktop\Redo_Halo_View_2_WORK\Redo_Halo_View\Redo_Halo_View\Debug\link.write.1.tlog
C:\Users\Elliot\Desktop\Redo_Halo_View_2_WORK\Redo_Halo_View\Redo_Halo_View\Debug\vc110.idb
C:\Users\Elliot\Desktop\Redo_Halo_View_2_WORK\Redo_Halo_View\Redo_Halo_View\Debug\vc110.pdb
C:\Users\Elliot\Desktop\Redo_Halo_View_2_WORK\Redo_Halo_View\Debug\Redo_Halo_View.pdb
C:\Users\Elliot\Desktop\Redo_Halo_View_2_WORK\Redo_Halo_View\Debug\Redo_Halo_View.exe
C:\Users\Elliot\Desktop\Redo_Halo_View_2_WORK\Redo_Halo_View\Debug\Redo_Halo_View.ilk
