Build started 11/7/2016 3:05:07 PM.
     1>Project "C:\Users\Elliot\Desktop\Redo_Halo_View_2_WORK\Redo_Halo_View\Redo_Halo_View\Redo_Halo_View.vcxproj" on node 2 (Build target(s)).
       Project file contains ToolsVersion="12.0". This toolset may be unknown or missing, in which case you may be able to resolve this by installing the appropriate version of MSBuild, or the build may have been forced to a particular ToolsVersion for policy reasons. Treating the project as if it had ToolsVersion="4.0". For more information, please see http://go.microsoft.com/fwlink/?LinkId=291333.
     1>ClCompile:
         C:\Program Files (x86)\Microsoft Visual Studio 11.0\VC\bin\CL.exe /c /ZI /nologo /W3 /WX- /sdl /Od /Oy- /D WIN32 /D _DEBUG /D _CONSOLE /D _USING_V110_SDK71_ /D _UNICODE /D UNICODE /Gm /EHsc /RTC1 /MDd /GS /fp:precise /Zc:wchar_t /Zc:forScope /Fo"Debug\\" /Fd"Debug\vc110.pdb" /Gd /TP /analyze- /errorReport:prompt main.c
         main.c
     1>c:\users\elliot\desktop\redo_halo_view_2_work\redo_halo_view\redo_halo_view\main.c(88): warning C4305: 'initializing' : truncation from 'double' to 'float'
     1>c:\users\elliot\desktop\redo_halo_view_2_work\redo_halo_view\redo_halo_view\main.c(106): warning C4305: 'initializing' : truncation from 'double' to 'float'
     1>c:\users\elliot\desktop\redo_halo_view_2_work\redo_halo_view\redo_halo_view\main.c(116): warning C4305: 'initializing' : truncation from 'double' to 'float'
     1>c:\users\elliot\desktop\redo_halo_view_2_work\redo_halo_view\redo_halo_view\main.c(123): warning C4305: 'initializing' : truncation from 'double' to 'float'
     1>c:\users\elliot\desktop\redo_halo_view_2_work\redo_halo_view\redo_halo_view\main.c(124): warning C4305: 'initializing' : truncation from 'double' to 'float'
     1>c:\users\elliot\desktop\redo_halo_view_2_work\redo_halo_view\redo_halo_view\main.c(126): warning C4305: 'initializing' : truncation from 'double' to 'float'
     1>c:\users\elliot\desktop\redo_halo_view_2_work\redo_halo_view\redo_halo_view\main.c(223): warning C4305: 'initializing' : truncation from 'double' to 'GLfloat'
     1>c:\users\elliot\desktop\redo_halo_view_2_work\redo_halo_view\redo_halo_view\main.c(312): warning C4244: 'argument' : conversion from 'GLint' to 'GLfloat', possible loss of data
     1>c:\users\elliot\desktop\redo_halo_view_2_work\redo_halo_view\redo_halo_view\main.c(314): warning C4244: 'argument' : conversion from 'GLint' to 'GLfloat', possible loss of data
     1>c:\users\elliot\desktop\redo_halo_view_2_work\redo_halo_view\redo_halo_view\main.c(316): warning C4244: 'argument' : conversion from 'GLint' to 'GLfloat', possible loss of data
     1>c:\users\elliot\desktop\redo_halo_view_2_work\redo_halo_view\redo_halo_view\main.c(318): warning C4244: 'argument' : conversion from 'GLint' to 'GLfloat', possible loss of data
     1>c:\users\elliot\desktop\redo_halo_view_2_work\redo_halo_view\redo_halo_view\main.c(320): warning C4244: 'argument' : conversion from 'GLint' to 'GLfloat', possible loss of data
     1>c:\users\elliot\desktop\redo_halo_view_2_work\redo_halo_view\redo_halo_view\main.c(322): warning C4244: 'argument' : conversion from 'GLint' to 'GLfloat', possible loss of data
     1>c:\users\elliot\desktop\redo_halo_view_2_work\redo_halo_view\redo_halo_view\main.c(324): warning C4244: 'argument' : conversion from 'GLint' to 'GLfloat', possible loss of data
     1>c:\users\elliot\desktop\redo_halo_view_2_work\redo_halo_view\redo_halo_view\main.c(326): warning C4244: 'argument' : conversion from 'GLint' to 'GLfloat', possible loss of data
     1>c:\users\elliot\desktop\redo_halo_view_2_work\redo_halo_view\redo_halo_view\main.c(328): warning C4244: 'argument' : conversion from 'GLint' to 'GLfloat', possible loss of data
     1>c:\users\elliot\desktop\redo_halo_view_2_work\redo_halo_view\redo_halo_view\main.c(330): warning C4244: 'argument' : conversion from 'GLint' to 'GLfloat', possible loss of data
     1>c:\users\elliot\desktop\redo_halo_view_2_work\redo_halo_view\redo_halo_view\main.c(337): warning C4244: 'argument' : conversion from 'GLint' to 'GLfloat', possible loss of data
     1>c:\users\elliot\desktop\redo_halo_view_2_work\redo_halo_view\redo_halo_view\main.c(405): warning C4244: '=' : conversion from 'double' to 'float', possible loss of data
     1>c:\users\elliot\desktop\redo_halo_view_2_work\redo_halo_view\redo_halo_view\main.c(406): warning C4244: '=' : conversion from 'double' to 'float', possible loss of data
     1>c:\users\elliot\desktop\redo_halo_view_2_work\redo_halo_view\redo_halo_view\main.c(402): warning C4101: 'j' : unreferenced local variable
     1>c:\users\elliot\desktop\redo_halo_view_2_work\redo_halo_view\redo_halo_view\main.c(425): warning C4244: '=' : conversion from 'double' to 'float', possible loss of data
     1>c:\users\elliot\desktop\redo_halo_view_2_work\redo_halo_view\redo_halo_view\main.c(426): warning C4244: '=' : conversion from 'double' to 'float', possible loss of data
     1>c:\users\elliot\desktop\redo_halo_view_2_work\redo_halo_view\redo_halo_view\main.c(428): warning C4018: '<' : signed/unsigned mismatch
     1>c:\users\elliot\desktop\redo_halo_view_2_work\redo_halo_view\redo_halo_view\main.c(433): warning C4018: '<' : signed/unsigned mismatch
     1>c:\users\elliot\desktop\redo_halo_view_2_work\redo_halo_view\redo_halo_view\main.c(438): warning C4018: '<' : signed/unsigned mismatch
     1>c:\users\elliot\desktop\redo_halo_view_2_work\redo_halo_view\redo_halo_view\main.c(422): warning C4101: 'j' : unreferenced local variable
     1>c:\users\elliot\desktop\redo_halo_view_2_work\redo_halo_view\redo_halo_view\main.c(449): warning C4244: '=' : conversion from 'double' to 'float', possible loss of data
     1>c:\users\elliot\desktop\redo_halo_view_2_work\redo_halo_view\redo_halo_view\main.c(450): warning C4244: '=' : conversion from 'double' to 'float', possible loss of data
     1>c:\users\elliot\desktop\redo_halo_view_2_work\redo_halo_view\redo_halo_view\main.c(452): warning C4018: '<' : signed/unsigned mismatch
     1>c:\users\elliot\desktop\redo_halo_view_2_work\redo_halo_view\redo_halo_view\main.c(457): warning C4018: '<' : signed/unsigned mismatch
     1>c:\users\elliot\desktop\redo_halo_view_2_work\redo_halo_view\redo_halo_view\main.c(462): warning C4018: '<' : signed/unsigned mismatch
     1>c:\users\elliot\desktop\redo_halo_view_2_work\redo_halo_view\redo_halo_view\main.c(467): warning C4018: '<' : signed/unsigned mismatch
     1>c:\users\elliot\desktop\redo_halo_view_2_work\redo_halo_view\redo_halo_view\main.c(472): warning C4018: '<' : signed/unsigned mismatch
     1>c:\users\elliot\desktop\redo_halo_view_2_work\redo_halo_view\redo_halo_view\main.c(446): warning C4101: 'j' : unreferenced local variable
     1>c:\users\elliot\desktop\redo_halo_view_2_work\redo_halo_view\redo_halo_view\main.c(483): warning C4101: 'j' : unreferenced local variable
     1>c:\users\elliot\desktop\redo_halo_view_2_work\redo_halo_view\redo_halo_view\main.c(581): warning C4101: 'alpha' : unreferenced local variable
     1>c:\users\elliot\desktop\redo_halo_view_2_work\redo_halo_view\redo_halo_view\main.c(581): warning C4101: 'dy' : unreferenced local variable
     1>c:\users\elliot\desktop\redo_halo_view_2_work\redo_halo_view\redo_halo_view\main.c(582): warning C4101: 'inv_distance_scale' : unreferenced local variable
     1>c:\users\elliot\desktop\redo_halo_view_2_work\redo_halo_view\redo_halo_view\main.c(582): warning C4101: 'scale_conv' : unreferenced local variable
     1>c:\users\elliot\desktop\redo_halo_view_2_work\redo_halo_view\redo_halo_view\main.c(581): warning C4101: 'dz' : unreferenced local variable
     1>c:\users\elliot\desktop\redo_halo_view_2_work\redo_halo_view\redo_halo_view\main.c(581): warning C4101: 'color_scale' : unreferenced local variable
     1>c:\users\elliot\desktop\redo_halo_view_2_work\redo_halo_view\redo_halo_view\main.c(581): warning C4101: 'dx' : unreferenced local variable
     1>c:\users\elliot\desktop\redo_halo_view_2_work\redo_halo_view\redo_halo_view\main.c(704): warning C4244: '=' : conversion from 'double' to 'float', possible loss of data
     1>c:\users\elliot\desktop\redo_halo_view_2_work\redo_halo_view\redo_halo_view\main.c(705): warning C4244: '=' : conversion from 'double' to 'float', possible loss of data
     1>c:\users\elliot\desktop\redo_halo_view_2_work\redo_halo_view\redo_halo_view\main.c(706): warning C4244: '=' : conversion from 'double' to 'float', possible loss of data
     1>c:\users\elliot\desktop\redo_halo_view_2_work\redo_halo_view\redo_halo_view\main.c(760): warning C4244: '=' : conversion from 'double' to 'float', possible loss of data
     1>c:\users\elliot\desktop\redo_halo_view_2_work\redo_halo_view\redo_halo_view\main.c(761): warning C4244: '=' : conversion from 'double' to 'float', possible loss of data
     1>c:\users\elliot\desktop\redo_halo_view_2_work\redo_halo_view\redo_halo_view\main.c(762): warning C4244: '=' : conversion from 'double' to 'float', possible loss of data
     1>c:\users\elliot\desktop\redo_halo_view_2_work\redo_halo_view\redo_halo_view\main.c(816): warning C4244: '=' : conversion from 'double' to 'float', possible loss of data
     1>c:\users\elliot\desktop\redo_halo_view_2_work\redo_halo_view\redo_halo_view\main.c(817): warning C4244: '=' : conversion from 'double' to 'float', possible loss of data
     1>c:\users\elliot\desktop\redo_halo_view_2_work\redo_halo_view\redo_halo_view\main.c(818): warning C4244: '=' : conversion from 'double' to 'float', possible loss of data
     1>c:\users\elliot\desktop\redo_halo_view_2_work\redo_halo_view\redo_halo_view\main.c(838): warning C4018: '<' : signed/unsigned mismatch
     1>c:\users\elliot\desktop\redo_halo_view_2_work\redo_halo_view\redo_halo_view\main.c(832): warning C4101: 'scale' : unreferenced local variable
     1>c:\users\elliot\desktop\redo_halo_view_2_work\redo_halo_view\redo_halo_view\main.c(831): warning C4101: 'offset' : unreferenced local variable
     1>c:\users\elliot\desktop\redo_halo_view_2_work\redo_halo_view\redo_halo_view\main.c(871): warning C4018: '<' : signed/unsigned mismatch
     1>c:\users\elliot\desktop\redo_halo_view_2_work\redo_halo_view\redo_halo_view\main.c(865): warning C4101: 'scale' : unreferenced local variable
     1>c:\users\elliot\desktop\redo_halo_view_2_work\redo_halo_view\redo_halo_view\main.c(864): warning C4101: 'offset' : unreferenced local variable
     1>c:\users\elliot\desktop\redo_halo_view_2_work\redo_halo_view\redo_halo_view\main.c(905): warning C4018: '<' : signed/unsigned mismatch
     1>c:\users\elliot\desktop\redo_halo_view_2_work\redo_halo_view\redo_halo_view\main.c(899): warning C4101: 'scale' : unreferenced local variable
     1>c:\users\elliot\desktop\redo_halo_view_2_work\redo_halo_view\redo_halo_view\main.c(898): warning C4101: 'offset' : unreferenced local variable
     1>c:\users\elliot\desktop\redo_halo_view_2_work\redo_halo_view\redo_halo_view\main.c(979): warning C4244: '=' : conversion from 'double' to 'float', possible loss of data
     1>c:\users\elliot\desktop\redo_halo_view_2_work\redo_halo_view\redo_halo_view\main.c(980): warning C4244: '=' : conversion from 'double' to 'float', possible loss of data
     1>c:\users\elliot\desktop\redo_halo_view_2_work\redo_halo_view\redo_halo_view\main.c(981): warning C4244: '=' : conversion from 'double' to 'float', possible loss of data
     1>c:\users\elliot\desktop\redo_halo_view_2_work\redo_halo_view\redo_halo_view\main.c(1037): warning C4244: '=' : conversion from 'double' to 'float', possible loss of data
     1>c:\users\elliot\desktop\redo_halo_view_2_work\redo_halo_view\redo_halo_view\main.c(1038): warning C4244: '=' : conversion from 'double' to 'float', possible loss of data
     1>c:\users\elliot\desktop\redo_halo_view_2_work\redo_halo_view\redo_halo_view\main.c(1039): warning C4244: '=' : conversion from 'double' to 'float', possible loss of data
     1>c:\users\elliot\desktop\redo_halo_view_2_work\redo_halo_view\redo_halo_view\main.c(1095): warning C4244: '=' : conversion from 'double' to 'float', possible loss of data
     1>c:\users\elliot\desktop\redo_halo_view_2_work\redo_halo_view\redo_halo_view\main.c(1096): warning C4244: '=' : conversion from 'double' to 'float', possible loss of data
     1>c:\users\elliot\desktop\redo_halo_view_2_work\redo_halo_view\redo_halo_view\main.c(1097): warning C4244: '=' : conversion from 'double' to 'float', possible loss of data
     1>c:\users\elliot\desktop\redo_halo_view_2_work\redo_halo_view\redo_halo_view\main.c(1116): warning C4018: '<' : signed/unsigned mismatch
     1>c:\users\elliot\desktop\redo_halo_view_2_work\redo_halo_view\redo_halo_view\main.c(1111): warning C4101: 'scale' : unreferenced local variable
     1>c:\users\elliot\desktop\redo_halo_view_2_work\redo_halo_view\redo_halo_view\main.c(1110): warning C4101: 'offset' : unreferenced local variable
     1>c:\users\elliot\desktop\redo_halo_view_2_work\redo_halo_view\redo_halo_view\main.c(1140): warning C4018: '<' : signed/unsigned mismatch
     1>c:\users\elliot\desktop\redo_halo_view_2_work\redo_halo_view\redo_halo_view\main.c(1135): warning C4101: 'scale' : unreferenced local variable
     1>c:\users\elliot\desktop\redo_halo_view_2_work\redo_halo_view\redo_halo_view\main.c(1134): warning C4101: 'offset' : unreferenced local variable
     1>c:\users\elliot\desktop\redo_halo_view_2_work\redo_halo_view\redo_halo_view\main.c(1164): warning C4018: '<' : signed/unsigned mismatch
     1>c:\users\elliot\desktop\redo_halo_view_2_work\redo_halo_view\redo_halo_view\main.c(1159): warning C4101: 'scale' : unreferenced local variable
     1>c:\users\elliot\desktop\redo_halo_view_2_work\redo_halo_view\redo_halo_view\main.c(1158): warning C4101: 'offset' : unreferenced local variable
     1>c:\users\elliot\desktop\redo_halo_view_2_work\redo_halo_view\redo_halo_view\main.c(1234): warning C4244: '=' : conversion from 'double' to 'float', possible loss of data
     1>c:\users\elliot\desktop\redo_halo_view_2_work\redo_halo_view\redo_halo_view\main.c(1235): warning C4244: '=' : conversion from 'double' to 'float', possible loss of data
     1>c:\users\elliot\desktop\redo_halo_view_2_work\redo_halo_view\redo_halo_view\main.c(1236): warning C4244: '=' : conversion from 'double' to 'float', possible loss of data
     1>c:\users\elliot\desktop\redo_halo_view_2_work\redo_halo_view\redo_halo_view\main.c(1241): warning C4244: '=' : conversion from 'double' to 'float', possible loss of data
     1>c:\users\elliot\desktop\redo_halo_view_2_work\redo_halo_view\redo_halo_view\main.c(1242): warning C4244: '=' : conversion from 'double' to 'float', possible loss of data
     1>c:\users\elliot\desktop\redo_halo_view_2_work\redo_halo_view\redo_halo_view\main.c(1243): warning C4244: '=' : conversion from 'double' to 'float', possible loss of data
     1>c:\users\elliot\desktop\redo_halo_view_2_work\redo_halo_view\redo_halo_view\main.c(1264): warning C4018: '<' : signed/unsigned mismatch
     1>c:\users\elliot\desktop\redo_halo_view_2_work\redo_halo_view\redo_halo_view\main.c(1282): warning C4018: '<' : signed/unsigned mismatch
     1>c:\users\elliot\desktop\redo_halo_view_2_work\redo_halo_view\redo_halo_view\main.c(1257): warning C4101: 'scale' : unreferenced local variable
     1>c:\users\elliot\desktop\redo_halo_view_2_work\redo_halo_view\redo_halo_view\main.c(1256): warning C4101: 'offset' : unreferenced local variable
     1>c:\users\elliot\desktop\redo_halo_view_2_work\redo_halo_view\redo_halo_view\main.c(1333): warning C4244: 'argument' : conversion from 'GLdouble' to 'GLfloat', possible loss of data
     1>c:\users\elliot\desktop\redo_halo_view_2_work\redo_halo_view\redo_halo_view\main.c(1456): warning C4244: 'initializing' : conversion from 'GLdouble' to 'GLfloat', possible loss of data
     1>c:\users\elliot\desktop\redo_halo_view_2_work\redo_halo_view\redo_halo_view\main.c(1457): warning C4244: 'initializing' : conversion from 'GLdouble' to 'GLfloat', possible loss of data
     1>c:\users\elliot\desktop\redo_halo_view_2_work\redo_halo_view\redo_halo_view\main.c(1474): warning C4244: 'initializing' : conversion from 'GLdouble' to 'GLfloat', possible loss of data
     1>c:\users\elliot\desktop\redo_halo_view_2_work\redo_halo_view\redo_halo_view\main.c(1475): warning C4244: 'initializing' : conversion from 'GLdouble' to 'GLfloat', possible loss of data
     1>c:\users\elliot\desktop\redo_halo_view_2_work\redo_halo_view\redo_halo_view\main.c(1494): warning C4244: '=' : conversion from 'int' to 'GLfloat', possible loss of data
     1>c:\users\elliot\desktop\redo_halo_view_2_work\redo_halo_view\redo_halo_view\main.c(1495): warning C4244: '=' : conversion from 'int' to 'GLfloat', possible loss of data
     1>c:\users\elliot\desktop\redo_halo_view_2_work\redo_halo_view\redo_halo_view\main.c(1510): warning C4244: 'argument' : conversion from 'double' to 'long', possible loss of data
     1>c:\users\elliot\desktop\redo_halo_view_2_work\redo_halo_view\redo_halo_view\main.c(1736): warning C4244: 'argument' : conversion from 'float' to 'int', possible loss of data
     1>c:\users\elliot\desktop\redo_halo_view_2_work\redo_halo_view\redo_halo_view\main.c(1740): warning C4244: '=' : conversion from 'GLint' to 'float', possible loss of data
     1>c:\users\elliot\desktop\redo_halo_view_2_work\redo_halo_view\redo_halo_view\main.c(1741): warning C4244: '=' : conversion from 'GLint' to 'float', possible loss of data
       Link:
         C:\Program Files (x86)\Microsoft Visual Studio 11.0\VC\bin\link.exe /ERRORREPORT:PROMPT /OUT:"C:\Users\Elliot\Desktop\Redo_Halo_View_2_WORK\Redo_Halo_View\Debug\Redo_Halo_View.exe" /INCREMENTAL /NOLOGO /LIBPATH:Dependencies\freeglut /LIBPATH:Dependencies\glew opengl32.lib freeglut.lib glew32.lib kernel32.lib user32.lib gdi32.lib winspool.lib comdlg32.lib advapi32.lib shell32.lib ole32.lib oleaut32.lib uuid.lib odbc32.lib odbccp32.lib /MANIFEST /MANIFESTUAC:"level='asInvoker' uiAccess='false'" /manifest:embed /DEBUG /PDB:"C:\Users\Elliot\Desktop\Redo_Halo_View_2_WORK\Redo_Halo_View\Debug\Redo_Halo_View.pdb" /SUBSYSTEM:CONSOLE,"5.01" /TLBID:1 /DYNAMICBASE /NXCOMPAT /IMPLIB:"C:\Users\Elliot\Desktop\Redo_Halo_View_2_WORK\Redo_Halo_View\Debug\Redo_Halo_View.lib" /MACHINE:X86 Debug\Cube.obj
         Debug\distance.obj
         Debug\main.obj
         Debug\sphere.obj
         Debug\trackball.obj
         Redo_Halo_View.vcxproj -> C:\Users\Elliot\Desktop\Redo_Halo_View_2_WORK\Redo_Halo_View\Debug\Redo_Halo_View.exe
     1>Done Building Project "C:\Users\Elliot\Desktop\Redo_Halo_View_2_WORK\Redo_Halo_View\Redo_Halo_View\Redo_Halo_View.vcxproj" (Build target(s)).

Build succeeded.

Time Elapsed 00:00:01.84
